#
# There is insufficient memory for the Java Runtime Environment to continue.
# Native memory allocation (malloc) failed to allocate 1112816 bytes. Error detail: Chunk::new
# Possible reasons:
#   The system is out of physical RAM or swap space
#   This process is running with CompressedOops enabled, and the Java Heap may be blocking the growth of the native heap
# Possible solutions:
#   Reduce memory load on the system
#   Increase physical memory or swap space
#   Check if swap backing store is full
#   Decrease Java heap size (-Xmx/-Xms)
#   Decrease number of Java threads
#   Decrease Java thread stack sizes (-Xss)
#   Set larger code cache with -XX:ReservedCodeCacheSize=
#   JVM is running with Unscaled Compressed Oops mode in which the Java heap is
#     placed in the first 4GB address space. The Java Heap base address is the
#     maximum limit for the native heap growth. Please use -XX:HeapBaseMinAddress
#     to set the Java Heap base and to place the Java Heap above 4GB virtual address.
# This output file may be truncated or incomplete.
#
#  Out of Memory Error (arena.cpp:150), pid=14324, tid=12428
#
# JRE version: OpenJDK Runtime Environment (22.0.2+9) (build 22.0.2+9-70)
# Java VM: OpenJDK 64-Bit Server VM (22.0.2+9-70, mixed mode, sharing, tiered, compressed oops, compressed class ptrs, g1 gc, windows-amd64)
# No core dump will be written. Minidumps are not enabled by default on client versions of Windows
#

---------------  S U M M A R Y ------------

Command Line: -ea -Didea.test.cyclic.buffer.size=1048576 -javaagent:F:\Jetbrain\IntelliJ IDEA 2023.3.4\lib\idea_rt.jar=59981:F:\Jetbrain\IntelliJ IDEA 2023.3.4\bin -Dfile.encoding=UTF-8 -Dsun.stdout.encoding=UTF-8 -Dsun.stderr.encoding=UTF-8 com.intellij.rt.junit.JUnitStarter -ideVersion5 -junit5 za.ac.cput.service.UserServiceTest

Host: Intel(R) Core(TM) i3-4010U CPU @ 1.70GHz, 4 cores, 7G,  Windows 10 , 64 bit Build 18362 (10.0.18362.1500)
Time: Fri Jul 26 15:46:05 2024 South Africa Standard Time elapsed time: 40.625893 seconds (0d 0h 0m 40s)

---------------  T H R E A D  ---------------

Current thread (0x000001b9516975b0):  JavaThread "C2 CompilerThread0" daemon [_thread_in_native, id=12428, stack(0x00000005f2300000,0x00000005f2400000) (1024K)]


Current CompileTask:
C2:40626 5769       4       org.springframework.core.ResolvableType::resolveType (146 bytes)

Stack: [0x00000005f2300000,0x00000005f2400000]
Native frames: (J=compiled Java code, j=interpreted, Vv=VM code, C=native code)
V  [jvm.dll+0x6e26e9]  (no source info available)
V  [jvm.dll+0x875753]  (no source info available)
V  [jvm.dll+0x877b7e]  (no source info available)
V  [jvm.dll+0x878253]  (no source info available)
V  [jvm.dll+0x27fc86]  (no source info available)
V  [jvm.dll+0xc3d0f]  (no source info available)
V  [jvm.dll+0xc3f6b]  (no source info available)
V  [jvm.dll+0x3bb442]  (no source info available)
V  [jvm.dll+0x387d4b]  (no source info available)
V  [jvm.dll+0x3871ba]  (no source info available)
V  [jvm.dll+0x2477f8]  (no source info available)
V  [jvm.dll+0x246e9f]  (no source info available)
V  [jvm.dll+0x1c4e80]  (no source info available)
V  [jvm.dll+0x2568f3]  (no source info available)
V  [jvm.dll+0x254baa]  (no source info available)
V  [jvm.dll+0x3f57a6]  (no source info available)
V  [jvm.dll+0x81dc0b]  (no source info available)
V  [jvm.dll+0x6e0d85]  (no source info available)
C  [ucrtbase.dll+0x210b2]  (no source info available)
C  [KERNEL32.DLL+0x17c24]  (no source info available)
C  [ntdll.dll+0x6d721]  (no source info available)


---------------  P R O C E S S  ---------------

Threads class SMR info:
_java_thread_list=0x000001b998be3190, length=15, elements={
0x000001b93581c780, 0x000001b95168eff0, 0x000001b95168fd10, 0x000001b9516928f0,
0x000001b951693350, 0x000001b951695dc0, 0x000001b951696820, 0x000001b9516975b0,
0x000001b95169a650, 0x000001b951885190, 0x000001b9519f2fd0, 0x000001b951a0a870,
0x000001b998781e40, 0x000001b99a7cb880, 0x000001b9970d9640
}

Java Threads: ( => current thread )
  0x000001b93581c780 JavaThread "main"                              [_thread_in_Java, id=1928, stack(0x00000005f1500000,0x00000005f1600000) (1024K)]
  0x000001b95168eff0 JavaThread "Reference Handler"          daemon [_thread_blocked, id=14200, stack(0x00000005f1d00000,0x00000005f1e00000) (1024K)]
  0x000001b95168fd10 JavaThread "Finalizer"                  daemon [_thread_blocked, id=13452, stack(0x00000005f1e00000,0x00000005f1f00000) (1024K)]
  0x000001b9516928f0 JavaThread "Signal Dispatcher"          daemon [_thread_blocked, id=13396, stack(0x00000005f1f00000,0x00000005f2000000) (1024K)]
  0x000001b951693350 JavaThread "Attach Listener"            daemon [_thread_blocked, id=3668, stack(0x00000005f2000000,0x00000005f2100000) (1024K)]
  0x000001b951695dc0 JavaThread "Service Thread"             daemon [_thread_blocked, id=11376, stack(0x00000005f2100000,0x00000005f2200000) (1024K)]
  0x000001b951696820 JavaThread "Monitor Deflation Thread"   daemon [_thread_blocked, id=14032, stack(0x00000005f2200000,0x00000005f2300000) (1024K)]
=>0x000001b9516975b0 JavaThread "C2 CompilerThread0"         daemon [_thread_in_native, id=12428, stack(0x00000005f2300000,0x00000005f2400000) (1024K)]
  0x000001b95169a650 JavaThread "C1 CompilerThread0"         daemon [_thread_blocked, id=12292, stack(0x00000005f2400000,0x00000005f2500000) (1024K)]
  0x000001b951885190 JavaThread "Common-Cleaner"             daemon [_thread_blocked, id=2168, stack(0x00000005f2500000,0x00000005f2600000) (1024K)]
  0x000001b9519f2fd0 JavaThread "Monitor Ctrl-Break"         daemon [_thread_in_native, id=4320, stack(0x00000005f2600000,0x00000005f2700000) (1024K)]
  0x000001b951a0a870 JavaThread "Notification Thread"        daemon [_thread_blocked, id=13628, stack(0x00000005f2700000,0x00000005f2800000) (1024K)]
  0x000001b998781e40 JavaThread "mysql-cj-abandoned-connection-cleanup" daemon [_thread_blocked, id=11320, stack(0x00000005f2c00000,0x00000005f2d00000) (1024K)]
  0x000001b99a7cb880 JavaThread "HikariPool-1 housekeeper"   daemon [_thread_blocked, id=5296, stack(0x00000005f2e00000,0x00000005f2f00000) (1024K)]
  0x000001b9970d9640 JavaThread "C2 CompilerThread1"         daemon [_thread_in_native, id=13692, stack(0x00000005f3000000,0x00000005f3100000) (1024K)]
Total: 15

Other Threads:
  0x000001b951675ba0 VMThread "VM Thread"                           [id=4824, stack(0x00000005f1c00000,0x00000005f1d00000) (1024K)]
  0x000001b951659e10 WatcherThread "VM Periodic Task Thread"        [id=6764, stack(0x00000005f1b00000,0x00000005f1c00000) (1024K)]
  0x000001b935871590 WorkerThread "GC Thread#0"                     [id=2336, stack(0x00000005f1600000,0x00000005f1700000) (1024K)]
  0x000001b9973f0a10 WorkerThread "GC Thread#1"                     [id=13512, stack(0x00000005f2800000,0x00000005f2900000) (1024K)]
  0x000001b9973f1060 WorkerThread "GC Thread#2"                     [id=8160, stack(0x00000005f2900000,0x00000005f2a00000) (1024K)]
  0x000001b997519210 WorkerThread "GC Thread#3"                     [id=13380, stack(0x00000005f2a00000,0x00000005f2b00000) (1024K)]
  0x000001b935881a10 ConcurrentGCThread "G1 Main Marker"            [id=10996, stack(0x00000005f1700000,0x00000005f1800000) (1024K)]
  0x000001b935882a90 WorkerThread "G1 Conc#0"                       [id=12368, stack(0x00000005f1800000,0x00000005f1900000) (1024K)]
  0x000001b95152b120 ConcurrentGCThread "G1 Refine#0"               [id=4628, stack(0x00000005f1900000,0x00000005f1a00000) (1024K)]
  0x000001b95152bab0 ConcurrentGCThread "G1 Service"                [id=12236, stack(0x00000005f1a00000,0x00000005f1b00000) (1024K)]
Total: 10

Threads with active compile tasks:
C2 CompilerThread0  40881 5769       4       org.springframework.core.ResolvableType::resolveType (146 bytes)
C2 CompilerThread1  40881 5804       4       org.springframework.core.annotation.TypeMappedAnnotations::get (52 bytes)
Total: 2

VM state: not at safepoint (normal execution)

VM Mutex/Monitor currently owned by a thread: None

Heap address: 0x0000000085400000, size: 1964 MB, Compressed Oops mode: 32-bit

CDS archive(s) mapped at: [0x000001b952000000-0x000001b952c60000-0x000001b952c60000), size 12976128, SharedBaseAddress: 0x000001b952000000, ArchiveRelocationMode: 1.
Compressed class space mapped at: 0x000001b953000000-0x000001b993000000, reserved size: 1073741824
Narrow klass base: 0x000001b952000000, Narrow klass shift: 0, Narrow klass range: 0x41000000

GC Precious Log:
 CardTable entry size: 512
 Card Set container configuration: InlinePtr #cards 5 size 8 Array Of Cards #cards 12 size 40 Howl #buckets 4 coarsen threshold 1843 Howl Bitmap #cards 512 size 80 coarsen threshold 460 Card regions per heap region 1 cards per card region 2048
 CPUs: 4 total, 4 available
 Memory: 7849M
 Large Page Support: Disabled
 NUMA Support: Disabled
 Compressed Oops: Enabled (32-bit)
 Heap Region Size: 1M
 Heap Min Capacity: 8M
 Heap Initial Capacity: 124M
 Heap Max Capacity: 1964M
 Pre-touch: Disabled
 Parallel Workers: 4
 Concurrent Workers: 1
 Concurrent Refinement Workers: 4
 Periodic GC: Disabled

Heap:
 garbage-first heap   total reserved 2011136K, committed 45056K, used 27683K [0x0000000085400000, 0x0000000100000000)
  region size 1024K, 6 young (6144K), 2 survivors (2048K)
 Metaspace       used 56684K, committed 57280K, reserved 1114112K
  class space    used 7793K, committed 8064K, reserved 1048576K

Heap Regions: E=young(eden), S=young(survivor), O=old, HS=humongous(starts), HC=humongous(continues), CS=collection set, F=free, TAMS=top-at-mark-start, PB=parsable bottom
|   0|0x0000000085400000, 0x0000000085500000, 0x0000000085500000|100%|HS|  |TAMS 0x0000000085400000| PB 0x0000000085400000| Complete |  0
|   1|0x0000000085500000, 0x0000000085600000, 0x0000000085600000|100%| O|  |TAMS 0x0000000085500000| PB 0x0000000085500000| Untracked |  0
|   2|0x0000000085600000, 0x0000000085700000, 0x0000000085700000|100%| O|  |TAMS 0x0000000085600000| PB 0x0000000085600000| Untracked |  0
|   3|0x0000000085700000, 0x0000000085800000, 0x0000000085800000|100%| O|  |TAMS 0x0000000085700000| PB 0x0000000085700000| Untracked |  0
|   4|0x0000000085800000, 0x0000000085900000, 0x0000000085900000|100%| O|  |TAMS 0x0000000085800000| PB 0x0000000085800000| Untracked |  0
|   5|0x0000000085900000, 0x0000000085a00000, 0x0000000085a00000|100%| O|  |TAMS 0x0000000085900000| PB 0x0000000085900000| Untracked |  0
|   6|0x0000000085a00000, 0x0000000085b00000, 0x0000000085b00000|100%| O|  |TAMS 0x0000000085a00000| PB 0x0000000085a00000| Untracked |  0
|   7|0x0000000085b00000, 0x0000000085c00000, 0x0000000085c00000|100%| O|  |TAMS 0x0000000085b00000| PB 0x0000000085b00000| Untracked |  0
|   8|0x0000000085c00000, 0x0000000085d00000, 0x0000000085d00000|100%| O|  |TAMS 0x0000000085c00000| PB 0x0000000085c00000| Untracked |  0
|   9|0x0000000085d00000, 0x0000000085e00000, 0x0000000085e00000|100%| O|  |TAMS 0x0000000085d00000| PB 0x0000000085d00000| Untracked |  0
|  10|0x0000000085e00000, 0x0000000085f00000, 0x0000000085f00000|100%| O|  |TAMS 0x0000000085e00000| PB 0x0000000085e00000| Untracked |  0
|  11|0x0000000085f00000, 0x0000000086000000, 0x0000000086000000|100%| O|  |TAMS 0x0000000085f00000| PB 0x0000000085f00000| Untracked |  0
|  12|0x0000000086000000, 0x0000000086100000, 0x0000000086100000|100%| O|  |TAMS 0x0000000086000000| PB 0x0000000086000000| Untracked |  0
|  13|0x0000000086100000, 0x0000000086200000, 0x0000000086200000|100%| O|  |TAMS 0x0000000086100000| PB 0x0000000086100000| Untracked |  0
|  14|0x0000000086200000, 0x0000000086300000, 0x0000000086300000|100%| O|  |TAMS 0x0000000086200000| PB 0x0000000086200000| Untracked |  0
|  15|0x0000000086300000, 0x0000000086400000, 0x0000000086400000|100%| O|  |TAMS 0x0000000086300000| PB 0x0000000086300000| Untracked |  0
|  16|0x0000000086400000, 0x0000000086500000, 0x0000000086500000|100%| O|  |TAMS 0x0000000086400000| PB 0x0000000086400000| Untracked |  0
|  17|0x0000000086500000, 0x0000000086600000, 0x0000000086600000|100%| O|  |TAMS 0x0000000086500000| PB 0x0000000086500000| Untracked |  0
|  18|0x0000000086600000, 0x0000000086700000, 0x0000000086700000|100%| O|Cm|TAMS 0x0000000086600000| PB 0x0000000086600000| Complete |  0
|  19|0x0000000086700000, 0x0000000086800000, 0x0000000086800000|100%| O|  |TAMS 0x0000000086700000| PB 0x0000000086700000| Untracked |  0
|  20|0x0000000086800000, 0x0000000086900000, 0x0000000086900000|100%| O|  |TAMS 0x0000000086800000| PB 0x0000000086800000| Untracked |  0
|  21|0x0000000086900000, 0x0000000086933240, 0x0000000086a00000| 19%| O|  |TAMS 0x0000000086900000| PB 0x0000000086900000| Untracked |  0
|  22|0x0000000086a00000, 0x0000000086a00000, 0x0000000086b00000|  0%| F|  |TAMS 0x0000000086a00000| PB 0x0000000086a00000| Untracked |  0
|  23|0x0000000086b00000, 0x0000000086b00000, 0x0000000086c00000|  0%| F|  |TAMS 0x0000000086b00000| PB 0x0000000086b00000| Untracked |  0
|  24|0x0000000086c00000, 0x0000000086d00000, 0x0000000086d00000|100%| O|  |TAMS 0x0000000086c00000| PB 0x0000000086c00000| Untracked |  0
|  25|0x0000000086d00000, 0x0000000086d00000, 0x0000000086e00000|  0%| F|  |TAMS 0x0000000086d00000| PB 0x0000000086d00000| Untracked |  0
|  26|0x0000000086e00000, 0x0000000086ed5bd8, 0x0000000086f00000| 83%| S|CS|TAMS 0x0000000086e00000| PB 0x0000000086e00000| Complete |  0
|  27|0x0000000086f00000, 0x0000000087000000, 0x0000000087000000|100%| S|CS|TAMS 0x0000000086f00000| PB 0x0000000086f00000| Complete |  0
|  28|0x0000000087000000, 0x0000000087000000, 0x0000000087100000|  0%| F|  |TAMS 0x0000000087000000| PB 0x0000000087000000| Untracked |  0
|  29|0x0000000087100000, 0x0000000087100000, 0x0000000087200000|  0%| F|  |TAMS 0x0000000087100000| PB 0x0000000087100000| Untracked |  0
|  30|0x0000000087200000, 0x0000000087200000, 0x0000000087300000|  0%| F|  |TAMS 0x0000000087200000| PB 0x0000000087200000| Untracked |  0
|  31|0x0000000087300000, 0x0000000087300000, 0x0000000087400000|  0%| F|  |TAMS 0x0000000087300000| PB 0x0000000087300000| Untracked |  0
|  32|0x0000000087400000, 0x0000000087400000, 0x0000000087500000|  0%| F|  |TAMS 0x0000000087400000| PB 0x0000000087400000| Untracked |  0
|  33|0x0000000087500000, 0x0000000087500000, 0x0000000087600000|  0%| F|  |TAMS 0x0000000087500000| PB 0x0000000087500000| Untracked |  0
|  34|0x0000000087600000, 0x0000000087600000, 0x0000000087700000|  0%| F|  |TAMS 0x0000000087600000| PB 0x0000000087600000| Untracked |  0
|  35|0x0000000087700000, 0x0000000087700000, 0x0000000087800000|  0%| F|  |TAMS 0x0000000087700000| PB 0x0000000087700000| Untracked |  0
|  36|0x0000000087800000, 0x0000000087800000, 0x0000000087900000|  0%| F|  |TAMS 0x0000000087800000| PB 0x0000000087800000| Untracked |  0
|  90|0x000000008ae00000, 0x000000008ae00000, 0x000000008af00000|  0%| F|  |TAMS 0x000000008ae00000| PB 0x000000008ae00000| Untracked |  0
|  95|0x000000008b300000, 0x000000008b300000, 0x000000008b400000|  0%| F|  |TAMS 0x000000008b300000| PB 0x000000008b300000| Untracked |  0
|  96|0x000000008b400000, 0x000000008b400000, 0x000000008b500000|  0%| F|  |TAMS 0x000000008b400000| PB 0x000000008b400000| Untracked |  0
|  97|0x000000008b500000, 0x000000008b59ea08, 0x000000008b600000| 61%| E|  |TAMS 0x000000008b500000| PB 0x000000008b500000| Complete |  0
|  98|0x000000008b600000, 0x000000008b700000, 0x000000008b700000|100%| E|CS|TAMS 0x000000008b600000| PB 0x000000008b600000| Complete |  0
|  99|0x000000008b700000, 0x000000008b800000, 0x000000008b800000|100%| E|CS|TAMS 0x000000008b700000| PB 0x000000008b700000| Complete |  0
| 123|0x000000008cf00000, 0x000000008d000000, 0x000000008d000000|100%| E|CS|TAMS 0x000000008cf00000| PB 0x000000008cf00000| Complete |  0

Card table byte_map: [0x000001b94cf30000,0x000001b94d310000] _byte_map_base: 0x000001b94cb06000

Marking Bits: (CMBitMap*) 0x000001b935871bb0
 Bits: [0x000001b94d310000, 0x000001b94f1c0000)

Polling page: 0x000001b933630000

Metaspace:

Usage:
  Non-class:     47.74 MB used.
      Class:      7.61 MB used.
       Both:     55.36 MB used.

Virtual space:
  Non-class space:       64.00 MB reserved,      48.06 MB ( 75%) committed,  1 nodes.
      Class space:        1.00 GB reserved,       7.88 MB ( <1%) committed,  1 nodes.
             Both:        1.06 GB reserved,      55.94 MB (  5%) committed. 

Chunk freelists:
   Non-Class:  15.67 MB
       Class:  7.98 MB
        Both:  23.66 MB

MaxMetaspaceSize: unlimited
CompressedClassSpaceSize: 1.00 GB
Initial GC threshold: 21.00 MB
Current GC threshold: 87.31 MB
CDS: on
 - commit_granule_bytes: 65536.
 - commit_granule_words: 8192.
 - virtual_space_node_default_size: 8388608.
 - enlarge_chunks_in_place: 1.
 - use_allocation_guard: 0.


Internal statistics:

num_allocs_failed_limit: 6.
num_arena_births: 754.
num_arena_deaths: 0.
num_vsnodes_births: 2.
num_vsnodes_deaths: 0.
num_space_committed: 895.
num_space_uncommitted: 0.
num_chunks_returned_to_freelist: 6.
num_chunks_taken_from_freelist: 2642.
num_chunk_merges: 6.
num_chunk_splits: 1888.
num_chunks_enlarged: 1459.
num_inconsistent_stats: 0.

CodeHeap 'non-profiled nmethods': size=120000Kb used=2807Kb max_used=2909Kb free=117192Kb
 bounds [0x000001b945620000, 0x000001b945900000, 0x000001b94cb50000]
CodeHeap 'profiled nmethods': size=120000Kb used=9444Kb max_used=9781Kb free=110555Kb
 bounds [0x000001b93db50000, 0x000001b93e4e0000, 0x000001b945080000]
CodeHeap 'non-nmethods': size=5760Kb used=1714Kb max_used=1733Kb free=4045Kb
 bounds [0x000001b945080000, 0x000001b9452f0000, 0x000001b945620000]
 total_blobs=5854 nmethods=5116 adapters=642
 compilation: enabled
              stopped_count=0, restarted_count=0
 full_count=0

Compilation events (20 events):
Event: 40.383 Thread 0x000001b95169a650 nmethod 5790 0x000001b93dee3110 code [0x000001b93dee32a0, 0x000001b93dee33b0]
Event: 40.384 Thread 0x000001b9970d9640 5772       4       java.util.AbstractCollection::toArray (144 bytes)
Event: 40.391 Thread 0x000001b95169a650 5791       3       java.lang.invoke.MethodHandle::viewAsType (33 bytes)
Event: 40.392 Thread 0x000001b95169a650 nmethod 5791 0x000001b93e1c2a90 code [0x000001b93e1c2c40, 0x000001b93e1c2e20]
Event: 40.396 Thread 0x000001b95169a650 5792       1       java.lang.reflect.Method::getMethodAccessor (5 bytes)
Event: 40.396 Thread 0x000001b95169a650 nmethod 5792 0x000001b9457a8a10 code [0x000001b9457a8ba0, 0x000001b9457a8c68]
Event: 40.398 Thread 0x000001b9970d9640 nmethod 5772 0x000001b9457a8010 code [0x000001b9457a81e0, 0x000001b9457a86d0]
Event: 40.398 Thread 0x000001b9970d9640 5784       4       org.springframework.util.ConcurrentReferenceHashMap::purgeUnreferencedEntries (33 bytes)
Event: 40.408 Thread 0x000001b9970d9640 nmethod 5784 0x000001b9457a7710 code [0x000001b9457a78e0, 0x000001b9457a7c70]
Event: 40.408 Thread 0x000001b9970d9640 5775       4       org.springframework.beans.factory.support.AbstractBeanFactory::hasInstantiationAwareBeanPostProcessors (21 bytes)
Event: 40.411 Thread 0x000001b9970d9640 nmethod 5775 0x000001b9457a7310 code [0x000001b9457a74a0, 0x000001b9457a75a8]
Event: 40.411 Thread 0x000001b9970d9640 5786       4       org.springframework.core.annotation.MergedAnnotations$Search$$Lambda/0x000001b953111800::test (8 bytes)
Event: 40.412 Thread 0x000001b9970d9640 nmethod 5786 0x000001b9457a7010 code [0x000001b9457a71a0, 0x000001b9457a7260]
Event: 40.493 Thread 0x000001b9970d9640 5793       4       java.util.LinkedHashMap$LinkedValueIterator::next (8 bytes)
Event: 40.500 Thread 0x000001b9970d9640 nmethod 5793 0x000001b9457a6a90 code [0x000001b9457a6c20, 0x000001b9457a6ef8]
Event: 40.500 Thread 0x000001b9970d9640 5794       4       jdk.internal.org.objectweb.asm.MethodWriter::visitInsn (115 bytes)
Event: 40.500 Thread 0x000001b95169a650 5795       3       java.lang.reflect.ProxyGenerator$ProxyMethod::codeWrapArgument (54 bytes)
Event: 40.501 Thread 0x000001b95169a650 nmethod 5795 0x000001b93dd89490 code [0x000001b93dd89680, 0x000001b93dd89b00]
Event: 40.550 Thread 0x000001b9970d9640 nmethod 5794 0x000001b945826210 code [0x000001b945826420, 0x000001b945826de0]
Event: 40.551 Thread 0x000001b9970d9640 5796       4       jdk.internal.org.objectweb.asm.Frame::merge (395 bytes)

GC Heap History (20 events):
Event: 12.819 GC heap before
{Heap before GC invocations=3 (full 0):
 garbage-first heap   total reserved 2011136K, committed 126976K, used 33023K [0x0000000085400000, 0x0000000100000000)
  region size 1024K, 28 young (28672K), 4 survivors (4096K)
 Metaspace       used 21229K, committed 21504K, reserved 1114112K
  class space    used 2710K, committed 2816K, reserved 1048576K
}
Event: 12.833 GC heap after
{Heap after GC invocations=4 (full 0):
 garbage-first heap   total reserved 2011136K, committed 126976K, used 12349K [0x0000000085400000, 0x0000000100000000)
  region size 1024K, 6 young (6144K), 6 survivors (6144K)
 Metaspace       used 21229K, committed 21504K, reserved 1114112K
  class space    used 2710K, committed 2816K, reserved 1048576K
}
Event: 15.493 GC heap before
{Heap before GC invocations=5 (full 0):
 garbage-first heap   total reserved 2011136K, committed 45056K, used 32829K [0x0000000085400000, 0x0000000100000000)
  region size 1024K, 26 young (26624K), 6 survivors (6144K)
 Metaspace       used 23563K, committed 23872K, reserved 1114112K
  class space    used 3003K, committed 3136K, reserved 1048576K
}
Event: 15.522 GC heap after
{Heap after GC invocations=6 (full 0):
 garbage-first heap   total reserved 2011136K, committed 45056K, used 14632K [0x0000000085400000, 0x0000000100000000)
  region size 1024K, 4 young (4096K), 4 survivors (4096K)
 Metaspace       used 23563K, committed 23872K, reserved 1114112K
  class space    used 3003K, committed 3136K, reserved 1048576K
}
Event: 20.322 GC heap before
{Heap before GC invocations=6 (full 0):
 garbage-first heap   total reserved 2011136K, committed 45056K, used 34088K [0x0000000085400000, 0x0000000100000000)
  region size 1024K, 23 young (23552K), 4 survivors (4096K)
 Metaspace       used 26348K, committed 26688K, reserved 1114112K
  class space    used 3389K, committed 3520K, reserved 1048576K
}
Event: 20.353 GC heap after
{Heap after GC invocations=7 (full 0):
 garbage-first heap   total reserved 2011136K, committed 45056K, used 16190K [0x0000000085400000, 0x0000000100000000)
  region size 1024K, 2 young (2048K), 2 survivors (2048K)
 Metaspace       used 26348K, committed 26688K, reserved 1114112K
  class space    used 3389K, committed 3520K, reserved 1048576K
}
Event: 25.535 GC heap before
{Heap before GC invocations=7 (full 0):
 garbage-first heap   total reserved 2011136K, committed 45056K, used 35646K [0x0000000085400000, 0x0000000100000000)
  region size 1024K, 21 young (21504K), 2 survivors (2048K)
 Metaspace       used 29734K, committed 30272K, reserved 1114112K
  class space    used 3893K, committed 4096K, reserved 1048576K
}
Event: 25.554 GC heap after
{Heap after GC invocations=8 (full 0):
 garbage-first heap   total reserved 2011136K, committed 45056K, used 18123K [0x0000000085400000, 0x0000000100000000)
  region size 1024K, 3 young (3072K), 3 survivors (3072K)
 Metaspace       used 29734K, committed 30272K, reserved 1114112K
  class space    used 3893K, committed 4096K, reserved 1048576K
}
Event: 28.019 GC heap before
{Heap before GC invocations=8 (full 0):
 garbage-first heap   total reserved 2011136K, committed 45056K, used 36555K [0x0000000085400000, 0x0000000100000000)
  region size 1024K, 21 young (21504K), 3 survivors (3072K)
 Metaspace       used 34507K, committed 35008K, reserved 1114112K
  class space    used 4646K, committed 4864K, reserved 1048576K
}
Event: 28.046 GC heap after
{Heap after GC invocations=9 (full 0):
 garbage-first heap   total reserved 2011136K, committed 45056K, used 19456K [0x0000000085400000, 0x0000000100000000)
  region size 1024K, 1 young (1024K), 1 survivors (1024K)
 Metaspace       used 34507K, committed 35008K, reserved 1114112K
  class space    used 4646K, committed 4864K, reserved 1048576K
}
Event: 28.444 GC heap before
{Heap before GC invocations=9 (full 0):
 garbage-first heap   total reserved 2011136K, committed 45056K, used 22528K [0x0000000085400000, 0x0000000100000000)
  region size 1024K, 5 young (5120K), 1 survivors (1024K)
 Metaspace       used 35532K, committed 35968K, reserved 1114112K
  class space    used 4796K, committed 4992K, reserved 1048576K
}
Event: 28.451 GC heap after
{Heap after GC invocations=10 (full 0):
 garbage-first heap   total reserved 2011136K, committed 45056K, used 19593K [0x0000000085400000, 0x0000000100000000)
  region size 1024K, 2 young (2048K), 2 survivors (2048K)
 Metaspace       used 35532K, committed 35968K, reserved 1114112K
  class space    used 4796K, committed 4992K, reserved 1048576K
}
Event: 31.913 GC heap before
{Heap before GC invocations=11 (full 0):
 garbage-first heap   total reserved 2011136K, committed 45056K, used 38025K [0x0000000085400000, 0x0000000100000000)
  region size 1024K, 20 young (20480K), 2 survivors (2048K)
 Metaspace       used 43573K, committed 44096K, reserved 1114112K
  class space    used 5761K, committed 6016K, reserved 1048576K
}
Event: 31.933 GC heap after
{Heap after GC invocations=12 (full 0):
 garbage-first heap   total reserved 2011136K, committed 45056K, used 21908K [0x0000000085400000, 0x0000000100000000)
  region size 1024K, 3 young (3072K), 3 survivors (3072K)
 Metaspace       used 43573K, committed 44096K, reserved 1114112K
  class space    used 5761K, committed 6016K, reserved 1048576K
}
Event: 35.626 GC heap before
{Heap before GC invocations=12 (full 0):
 garbage-first heap   total reserved 2011136K, committed 45056K, used 37268K [0x0000000085400000, 0x0000000100000000)
  region size 1024K, 19 young (19456K), 3 survivors (3072K)
 Metaspace       used 47847K, committed 48384K, reserved 1114112K
  class space    used 6354K, committed 6592K, reserved 1048576K
}
Event: 35.652 GC heap after
{Heap after GC invocations=13 (full 0):
 garbage-first heap   total reserved 2011136K, committed 45056K, used 22784K [0x0000000085400000, 0x0000000100000000)
  region size 1024K, 2 young (2048K), 2 survivors (2048K)
 Metaspace       used 47847K, committed 48384K, reserved 1114112K
  class space    used 6354K, committed 6592K, reserved 1048576K
}
Event: 37.828 GC heap before
{Heap before GC invocations=13 (full 0):
 garbage-first heap   total reserved 2011136K, committed 45056K, used 39168K [0x0000000085400000, 0x0000000100000000)
  region size 1024K, 18 young (18432K), 2 survivors (2048K)
 Metaspace       used 53088K, committed 53568K, reserved 1114112K
  class space    used 7266K, committed 7488K, reserved 1048576K
}
Event: 37.841 GC heap after
{Heap after GC invocations=14 (full 0):
 garbage-first heap   total reserved 2011136K, committed 45056K, used 23414K [0x0000000085400000, 0x0000000100000000)
  region size 1024K, 2 young (2048K), 2 survivors (2048K)
 Metaspace       used 53088K, committed 53568K, reserved 1114112K
  class space    used 7266K, committed 7488K, reserved 1048576K
}
Event: 40.300 GC heap before
{Heap before GC invocations=15 (full 0):
 garbage-first heap   total reserved 2011136K, committed 45056K, used 39798K [0x0000000085400000, 0x0000000100000000)
  region size 1024K, 18 young (18432K), 2 survivors (2048K)
 Metaspace       used 56226K, committed 56768K, reserved 1114112K
  class space    used 7768K, committed 8000K, reserved 1048576K
}
Event: 40.317 GC heap after
{Heap after GC invocations=16 (full 0):
 garbage-first heap   total reserved 2011136K, committed 45056K, used 24611K [0x0000000085400000, 0x0000000100000000)
  region size 1024K, 2 young (2048K), 2 survivors (2048K)
 Metaspace       used 56226K, committed 56768K, reserved 1114112K
  class space    used 7768K, committed 8000K, reserved 1048576K
}

Dll operation events (13 events):
Event: 0.313 Loaded shared library C:\Users\user\.jdks\openjdk-22.0.2\bin\java.dll
Event: 0.534 Loaded shared library C:\Users\user\.jdks\openjdk-22.0.2\bin\jsvml.dll
Event: 1.137 Loaded shared library C:\Users\user\.jdks\openjdk-22.0.2\bin\zip.dll
Event: 1.159 Loaded shared library C:\Users\user\.jdks\openjdk-22.0.2\bin\instrument.dll
Event: 1.184 Loaded shared library C:\Users\user\.jdks\openjdk-22.0.2\bin\net.dll
Event: 1.199 Loaded shared library C:\Users\user\.jdks\openjdk-22.0.2\bin\nio.dll
Event: 1.284 Loaded shared library C:\Users\user\.jdks\openjdk-22.0.2\bin\zip.dll
Event: 1.498 Loaded shared library F:\Jetbrain\IntelliJ IDEA 2023.3.4\bin\breakgen64.dll
Event: 1.560 Loaded shared library C:\Users\user\.jdks\openjdk-22.0.2\bin\extnet.dll
Event: 1.629 Loaded shared library C:\Users\user\.jdks\openjdk-22.0.2\bin\jimage.dll
Event: 9.580 Loaded shared library C:\Users\user\.jdks\openjdk-22.0.2\bin\le.dll
Event: 13.168 Loaded shared library C:\Users\user\.jdks\openjdk-22.0.2\bin\sunmscapi.dll
Event: 27.142 Loaded shared library C:\Users\user\.jdks\openjdk-22.0.2\bin\verify.dll

Deoptimization events (20 events):
Event: 40.001 Thread 0x000001b93581c780 DEOPT PACKING pc=0x000001b9456c1354 sp=0x00000005f15fa970
Event: 40.001 Thread 0x000001b93581c780 DEOPT UNPACKING pc=0x000001b9450d46a2 sp=0x00000005f15fa8d0 mode 2
Event: 40.175 Thread 0x000001b93581c780 DEOPT PACKING pc=0x000001b93dc6aa3e sp=0x00000005f15f96f0
Event: 40.175 Thread 0x000001b93581c780 DEOPT UNPACKING pc=0x000001b9450d4e42 sp=0x00000005f15f8bb0 mode 0
Event: 40.324 Thread 0x000001b93581c780 Uncommon trap: trap_request=0xffffff45 fr.pc=0x000001b9457cbde8 relative=0x0000000000000068
Event: 40.324 Thread 0x000001b93581c780 Uncommon trap: reason=unstable_if action=reinterpret pc=0x000001b9457cbde8 method=jdk.internal.reflect.DirectMethodHandleAccessor.checkArgumentCount(I[Ljava/lang/Object;)V @ 1 c2
Event: 40.324 Thread 0x000001b93581c780 DEOPT PACKING pc=0x000001b9457cbde8 sp=0x00000005f15f9630
Event: 40.324 Thread 0x000001b93581c780 DEOPT UNPACKING pc=0x000001b9450d46a2 sp=0x00000005f15f95c8 mode 2
Event: 40.324 Thread 0x000001b93581c780 Uncommon trap: trap_request=0xffffff45 fr.pc=0x000001b94570ca38 relative=0x00000000000000d8
Event: 40.324 Thread 0x000001b93581c780 Uncommon trap: reason=unstable_if action=reinterpret pc=0x000001b94570ca38 method=java.util.WeakHashMap.expungeStaleEntries()V @ 9 c2
Event: 40.324 Thread 0x000001b93581c780 DEOPT PACKING pc=0x000001b94570ca38 sp=0x00000005f15f9910
Event: 40.324 Thread 0x000001b93581c780 DEOPT UNPACKING pc=0x000001b9450d46a2 sp=0x00000005f15f9868 mode 2
Event: 40.363 Thread 0x000001b93581c780 Uncommon trap: trap_request=0xfffffff4 fr.pc=0x000001b9458c4478 relative=0x0000000000000338
Event: 40.363 Thread 0x000001b93581c780 Uncommon trap: reason=null_check action=make_not_entrant pc=0x000001b9458c4478 method=sun.invoke.util.VerifyType.isNullConversion(Ljava/lang/Class;Ljava/lang/Class;Z)Z @ 67 c2
Event: 40.363 Thread 0x000001b93581c780 DEOPT PACKING pc=0x000001b9458c4478 sp=0x00000005f15f9050
Event: 40.363 Thread 0x000001b93581c780 DEOPT UNPACKING pc=0x000001b9450d46a2 sp=0x00000005f15f8fd0 mode 2
Event: 40.393 Thread 0x000001b93581c780 Uncommon trap: trap_request=0xffffff45 fr.pc=0x000001b9458d7c88 relative=0x00000000000001e8
Event: 40.394 Thread 0x000001b93581c780 Uncommon trap: reason=unstable_if action=reinterpret pc=0x000001b9458d7c88 method=java.util.ArrayDeque.addLast(Ljava/lang/Object;)V @ 42 c2
Event: 40.394 Thread 0x000001b93581c780 DEOPT PACKING pc=0x000001b9458d7c88 sp=0x00000005f15f9a60
Event: 40.394 Thread 0x000001b93581c780 DEOPT UNPACKING pc=0x000001b9450d46a2 sp=0x00000005f15f99b8 mode 2

Classes loaded (20 events):
Event: 33.979 Loading class javax/naming/RefAddr
Event: 33.982 Loading class javax/naming/RefAddr done
Event: 33.982 Loading class javax/naming/StringRefAddr
Event: 33.982 Loading class javax/naming/StringRefAddr done
Event: 34.258 Loading class java/util/concurrent/CompletableFuture$AltResult
Event: 34.258 Loading class java/util/concurrent/CompletableFuture$AltResult done
Event: 34.261 Loading class java/util/concurrent/CompletableFuture$Completion
Event: 34.261 Loading class java/util/concurrent/CompletableFuture$AsynchronousCompletionTask
Event: 34.261 Loading class java/util/concurrent/CompletableFuture$AsynchronousCompletionTask done
Event: 34.261 Loading class java/util/concurrent/CompletableFuture$Completion done
Event: 37.211 Loading class java/util/AbstractList$SubList
Event: 37.211 Loading class java/util/AbstractList$SubList done
Event: 37.265 Loading class java/lang/reflect/AnnotatedArrayType
Event: 37.265 Loading class java/lang/reflect/AnnotatedArrayType done
Event: 40.253 Loading class javax/naming/Reference
Event: 40.254 Loading class javax/naming/Reference done
Event: 40.372 Loading class java/lang/SafeVarargs
Event: 40.373 Loading class java/lang/SafeVarargs done
Event: 40.385 Loading class sun/reflect/generics/reflectiveObjects/GenericArrayTypeImpl
Event: 40.385 Loading class sun/reflect/generics/reflectiveObjects/GenericArrayTypeImpl done

Classes unloaded (0 events):
No events

Classes redefined (0 events):
No events

Internal exceptions (20 events):
Event: 32.214 Thread 0x000001b93581c780 Exception <a 'java/lang/NoSuchMethodError'{0x000000008b6e51a8}: 'java.lang.Object java.lang.invoke.DirectMethodHandle$Holder.invokeSpecial(java.lang.Object, java.lang.Object, java.lang.Object, java.lang.Object, int)'> (0x000000008b6e51a8) 
thrown [s\open\src\hotspot\share\interpreter\linkResolver.cpp, line 774]
Event: 32.215 Thread 0x000001b93581c780 Exception <a 'java/lang/NoSuchMethodError'{0x000000008b6e8e40}: 'java.lang.Object java.lang.invoke.Invokers$Holder.linkToTargetMethod(java.lang.Object, java.lang.Object, int, java.lang.Object)'> (0x000000008b6e8e40) 
thrown [s\open\src\hotspot\share\interpreter\linkResolver.cpp, line 774]
Event: 35.023 Thread 0x000001b93581c780 Exception <a 'java/lang/IncompatibleClassChangeError'{0x00000000872e9320}: Found class java.lang.Object, but interface was expected> (0x00000000872e9320) 
thrown [s\open\src\hotspot\share\interpreter\linkResolver.cpp, line 841]
Event: 35.442 Thread 0x000001b93581c780 Exception <a 'java/lang/NoSuchMethodError'{0x000000008718b6a0}: 'java.lang.Object java.lang.invoke.DirectMethodHandle$Holder.invokeStatic(java.lang.Object, java.lang.Object, int, java.lang.Object)'> (0x000000008718b6a0) 
thrown [s\open\src\hotspot\share\interpreter\linkResolver.cpp, line 774]
Event: 35.443 Thread 0x000001b93581c780 Exception <a 'java/lang/NoSuchMethodError'{0x000000008718f3f8}: 'java.lang.Object java.lang.invoke.DirectMethodHandle$Holder.invokeStaticInit(java.lang.Object, java.lang.Object, int, java.lang.Object)'> (0x000000008718f3f8) 
thrown [s\open\src\hotspot\share\interpreter\linkResolver.cpp, line 774]
Event: 36.884 Thread 0x000001b93581c780 Exception <a 'java/lang/NoSuchMethodError'{0x000000008776af18}: 'java.lang.Class java.lang.Class.getNestHost(java.lang.Class)'> (0x000000008776af18) 
thrown [s\open\src\hotspot\share\interpreter\linkResolver.cpp, line 774]
Event: 38.912 Thread 0x000001b93581c780 Exception <a 'java/lang/NoSuchMethodError'{0x000000008b34d068}: 'void java.lang.invoke.DirectMethodHandle$Holder.invokeStatic(java.lang.Object, java.lang.Object, java.lang.Object, int, java.lang.Object)'> (0x000000008b34d068) 
thrown [s\open\src\hotspot\share\interpreter\linkResolver.cpp, line 774]
Event: 38.916 Thread 0x000001b93581c780 Exception <a 'java/lang/NoSuchMethodError'{0x000000008b357ca8}: 'void java.lang.invoke.DirectMethodHandle$Holder.invokeInterface(java.lang.Object, java.lang.Object, int, java.lang.Object)'> (0x000000008b357ca8) 
thrown [s\open\src\hotspot\share\interpreter\linkResolver.cpp, line 774]
Event: 38.929 Thread 0x000001b93581c780 Exception <a 'java/lang/NoSuchMethodError'{0x000000008b37a208}: 'java.lang.Object java.lang.invoke.DirectMethodHandle$Holder.newInvokeSpecial(java.lang.Object, java.lang.Object, int, java.lang.Object)'> (0x000000008b37a208) 
thrown [s\open\src\hotspot\share\interpreter\linkResolver.cpp, line 774]
Event: 38.931 Thread 0x000001b93581c780 Exception <a 'java/lang/NoSuchMethodError'{0x000000008b37e388}: 'java.lang.Object java.lang.invoke.Invokers$Holder.linkToTargetMethod(java.lang.Object, int, java.lang.Object, java.lang.Object)'> (0x000000008b37e388) 
thrown [s\open\src\hotspot\share\interpreter\linkResolver.cpp, line 774]
Event: 39.173 Thread 0x000001b93581c780 Exception <a 'java/lang/NoSuchMethodError'{0x0000000087855bb0}: 'int java.lang.invoke.DirectMethodHandle$Holder.invokeStatic(java.lang.Object, int, java.lang.Object)'> (0x0000000087855bb0) 
thrown [s\open\src\hotspot\share\interpreter\linkResolver.cpp, line 774]
Event: 39.184 Thread 0x000001b93581c780 Exception <a 'java/lang/NoSuchMethodError'{0x0000000087873440}: 'java.lang.Object java.lang.invoke.DirectMethodHandle$Holder.newInvokeSpecial(java.lang.Object, java.lang.Object, java.lang.Object, java.lang.Object, java.lang.Object, int, java.lang.Object)'> (0x0000000087873440) 
thrown [s\open\src\hotspot\share\interpreter\linkResolver.cpp, line 774]
Event: 39.484 Thread 0x000001b93581c780 Exception <a 'java/lang/NoSuchMethodError'{0x00000000876a0008}: 'java.lang.Object java.lang.invoke.DirectMethodHandle$Holder.newInvokeSpecial(java.lang.Object, java.lang.Object, java.lang.Object, java.lang.Object, java.lang.Object, java.lang.Object, java.lang.Object, int)'> (0x00000000876a0008) 
thrown [s\open\src\hotspot\share\interpreter\linkResolver.cpp, line 774]
Event: 39.485 Thread 0x000001b93581c780 Exception <a 'java/lang/NoSuchMethodError'{0x00000000876a4d60}: 'java.lang.Object java.lang.invoke.DirectMethodHandle$Holder.invokeSpecial(java.lang.Object, java.lang.Object, java.lang.Object, java.lang.Object, java.lang.Object, java.lang.Object, java.lang.Object, java.lang.Object, int)'> (0x00000000876a4d60) 
thrown [s\open\src\hotspot\share\interpreter\linkResolver.cpp, line 774]
Event: 39.486 Thread 0x000001b93581c780 Exception <a 'java/lang/NoSuchMethodError'{0x00000000876a9540}: 'java.lang.Object java.lang.invoke.Invokers$Holder.linkToTargetMethod(java.lang.Object, java.lang.Object, java.lang.Object, java.lang.Object, java.lang.Object, java.lang.Object, int, java.lang.Object)'> (0x00000000876a9540) 
thrown [s\open\src\hotspot\share\interpreter\linkResolver.cpp, line 774]
Event: 39.648 Thread 0x000001b93581c780 Exception <a 'java/lang/NoSuchMethodError'{0x00000000875911b0}: 'java.lang.Object java.lang.invoke.DirectMethodHandle$Holder.newInvokeSpecial(java.lang.Object, java.lang.Object, int, java.lang.Object, int, java.lang.Object, java.lang.Object)'> (0x00000000875911b0) 
thrown [s\open\src\hotspot\share\interpreter\linkResolver.cpp, line 774]
Event: 40.120 Thread 0x000001b93581c780 Exception <a 'java/lang/NoSuchMethodError'{0x000000008717d6c8}: 'java.lang.Object java.lang.invoke.DirectMethodHandle$Holder.invokeSpecial(java.lang.Object, java.lang.Object, int, java.lang.Object, int)'> (0x000000008717d6c8) 
thrown [s\open\src\hotspot\share\interpreter\linkResolver.cpp, line 774]
Event: 40.266 Thread 0x000001b93581c780 Exception <a 'java/lang/NoSuchMethodError'{0x0000000087051520}: 'void java.lang.invoke.Invokers$Holder.invokeExact_MT(java.lang.Object, java.lang.Object, java.lang.Object, java.lang.Object)'> (0x0000000087051520) 
thrown [s\open\src\hotspot\share\interpreter\linkResolver.cpp, line 774]
Event: 40.324 Thread 0x000001b93581c780 Implicit null exception at 0x000001b9457cbd9a to 0x000001b9457cbdd4
Event: 40.363 Thread 0x000001b93581c780 Implicit null exception at 0x000001b9458c41f3 to 0x000001b9458c4464

ZGC Phase Switch (0 events):
No events

VM Operations (20 events):
Event: 37.653 Executing VM operation: Cleanup
Event: 37.655 Executing VM operation: Cleanup done
Event: 37.828 Executing VM operation: G1CollectForAllocation (G1 Evacuation Pause)
Event: 37.841 Executing VM operation: G1CollectForAllocation (G1 Evacuation Pause) done
Event: 37.956 Executing VM operation: G1PauseRemark
Event: 37.979 Executing VM operation: G1PauseRemark done
Event: 38.025 Executing VM operation: G1PauseCleanup
Event: 38.053 Executing VM operation: G1PauseCleanup done
Event: 39.577 Executing VM operation: HandshakeAllThreads (Deoptimize)
Event: 39.577 Executing VM operation: HandshakeAllThreads (Deoptimize) done
Event: 39.577 Executing VM operation: Cleanup
Event: 39.577 Executing VM operation: Cleanup done
Event: 39.926 Executing VM operation: HandshakeAllThreads (Deoptimize)
Event: 39.926 Executing VM operation: HandshakeAllThreads (Deoptimize) done
Event: 39.994 Executing VM operation: HandshakeAllThreads (Deoptimize)
Event: 39.994 Executing VM operation: HandshakeAllThreads (Deoptimize) done
Event: 40.300 Executing VM operation: G1CollectForAllocation (G1 Evacuation Pause)
Event: 40.317 Executing VM operation: G1CollectForAllocation (G1 Evacuation Pause) done
Event: 40.322 Executing VM operation: HandshakeAllThreads (Deoptimize)
Event: 40.322 Executing VM operation: HandshakeAllThreads (Deoptimize) done

Memory protections (0 events):
No events

Nmethod flushes (20 events):
Event: 37.976 Thread 0x000001b951675ba0 flushing  nmethod 0x000001b93e1dbd90
Event: 37.976 Thread 0x000001b951675ba0 flushing  nmethod 0x000001b93e1f9c90
Event: 37.976 Thread 0x000001b951675ba0 flushing  nmethod 0x000001b93e2a8910
Event: 37.976 Thread 0x000001b951675ba0 flushing  nmethod 0x000001b93e2aaa10
Event: 37.976 Thread 0x000001b951675ba0 flushing  nmethod 0x000001b93e2b7f10
Event: 37.976 Thread 0x000001b951675ba0 flushing  nmethod 0x000001b93e2c4990
Event: 37.976 Thread 0x000001b951675ba0 flushing  nmethod 0x000001b93e305810
Event: 37.976 Thread 0x000001b951675ba0 flushing  nmethod 0x000001b93e30fb10
Event: 37.976 Thread 0x000001b951675ba0 flushing  nmethod 0x000001b93e311e10
Event: 37.976 Thread 0x000001b951675ba0 flushing  nmethod 0x000001b93e326b10
Event: 37.976 Thread 0x000001b951675ba0 flushing  nmethod 0x000001b93e364990
Event: 37.976 Thread 0x000001b951675ba0 flushing  nmethod 0x000001b93e365190
Event: 37.976 Thread 0x000001b951675ba0 flushing  nmethod 0x000001b93e366e10
Event: 37.976 Thread 0x000001b951675ba0 flushing  nmethod 0x000001b93e3a3310
Event: 37.976 Thread 0x000001b951675ba0 flushing  nmethod 0x000001b93e3b0410
Event: 37.976 Thread 0x000001b951675ba0 flushing  nmethod 0x000001b93e3b0710
Event: 37.976 Thread 0x000001b951675ba0 flushing  nmethod 0x000001b93e3b0c10
Event: 37.976 Thread 0x000001b951675ba0 flushing  nmethod 0x000001b93e3b1310
Event: 37.976 Thread 0x000001b951675ba0 flushing  nmethod 0x000001b93e3b7990
Event: 37.976 Thread 0x000001b951675ba0 flushing  nmethod 0x000001b93e3c3c90

Events (20 events):
Event: 8.640 Thread 0x000001b99818da70 Thread exited: 0x000001b99818da70
Event: 9.364 Thread 0x000001b93581c780 Thread added: 0x000001b9980587b0
Event: 10.322 Thread 0x000001b95169a650 Thread added: 0x000001b997cc6cf0
Event: 10.920 Thread 0x000001b997cc6cf0 Thread exited: 0x000001b997cc6cf0
Event: 13.081 Thread 0x000001b95169a650 Thread added: 0x000001b95199e810
Event: 13.226 Thread 0x000001b9980587b0 Thread exited: 0x000001b9980587b0
Event: 13.402 Thread 0x000001b93581c780 Thread added: 0x000001b9981175d0
Event: 13.604 Thread 0x000001b9981175d0 Thread exited: 0x000001b9981175d0
Event: 14.728 Thread 0x000001b95199e810 Thread exited: 0x000001b95199e810
Event: 19.847 Thread 0x000001b95169a650 Thread added: 0x000001b9982146e0
Event: 20.976 Thread 0x000001b9982146e0 Thread exited: 0x000001b9982146e0
Event: 23.643 Thread 0x000001b95169a650 Thread added: 0x000001b999e53680
Event: 24.335 Thread 0x000001b93581c780 Thread added: 0x000001b998781e40
Event: 26.022 Thread 0x000001b999e53680 Thread exited: 0x000001b999e53680
Event: 29.104 Thread 0x000001b95169a650 Thread added: 0x000001b998be5f70
Event: 30.744 Thread 0x000001b93581c780 Thread added: 0x000001b99a7cb880
Event: 30.920 Thread 0x000001b99a7cb880 Thread added: 0x000001b998258430
Event: 33.094 Thread 0x000001b998be5f70 Thread exited: 0x000001b998be5f70
Event: 36.879 Thread 0x000001b998258430 Thread exited: 0x000001b998258430
Event: 40.379 Thread 0x000001b95169a650 Thread added: 0x000001b9970d9640


Dynamic libraries:
0x00007ff6cc5a0000 - 0x00007ff6cc5ae000 	C:\Users\user\.jdks\openjdk-22.0.2\bin\java.exe
0x00007ff8f1100000 - 0x00007ff8f12f0000 	C:\WINDOWS\SYSTEM32\ntdll.dll
0x00007ff8f0680000 - 0x00007ff8f0732000 	C:\WINDOWS\System32\KERNEL32.DLL
0x00007ff8ee070000 - 0x00007ff8ee315000 	C:\WINDOWS\System32\KERNELBASE.dll
0x00007ff8eefd0000 - 0x00007ff8ef0ca000 	C:\WINDOWS\System32\ucrtbase.dll
0x00007ff8e7f40000 - 0x00007ff8e7f57000 	C:\Users\user\.jdks\openjdk-22.0.2\bin\jli.dll
0x00007ff8e64e0000 - 0x00007ff8e64fb000 	C:\Users\user\.jdks\openjdk-22.0.2\bin\VCRUNTIME140.dll
0x00007ff8f0e00000 - 0x00007ff8f0f94000 	C:\WINDOWS\System32\USER32.dll
0x00007ff8ee370000 - 0x00007ff8ee391000 	C:\WINDOWS\System32\win32u.dll
0x00007ff8db7d0000 - 0x00007ff8dba54000 	C:\WINDOWS\WinSxS\amd64_microsoft.windows.common-controls_6595b64144ccf1df_6.0.18362.1556_none_9e7e372fe45e41d5\COMCTL32.dll
0x00007ff8ef1b0000 - 0x00007ff8ef1d6000 	C:\WINDOWS\System32\GDI32.dll
0x00007ff8f0fa0000 - 0x00007ff8f103e000 	C:\WINDOWS\System32\msvcrt.dll
0x00007ff8ee500000 - 0x00007ff8ee698000 	C:\WINDOWS\System32\gdi32full.dll
0x00007ff8eeed0000 - 0x00007ff8eef6e000 	C:\WINDOWS\System32\msvcp_win.dll
0x00007ff8ef5b0000 - 0x00007ff8ef8e6000 	C:\WINDOWS\System32\combase.dll
0x00007ff8ef390000 - 0x00007ff8ef4af000 	C:\WINDOWS\System32\RPCRT4.dll
0x00007ff8ef120000 - 0x00007ff8ef1a1000 	C:\WINDOWS\System32\bcryptPrimitives.dll
0x00007ff8efba0000 - 0x00007ff8efbce000 	C:\WINDOWS\System32\IMM32.DLL
0x00007ff8e6610000 - 0x00007ff8e661c000 	C:\Users\user\.jdks\openjdk-22.0.2\bin\vcruntime140_1.dll
0x00007ff8e6370000 - 0x00007ff8e63fe000 	C:\Users\user\.jdks\openjdk-22.0.2\bin\msvcp140.dll
0x00007ff8a9f50000 - 0x00007ff8aac99000 	C:\Users\user\.jdks\openjdk-22.0.2\bin\server\jvm.dll
0x00007ff8f05d0000 - 0x00007ff8f0673000 	C:\WINDOWS\System32\ADVAPI32.dll
0x00007ff8ef510000 - 0x00007ff8ef5a7000 	C:\WINDOWS\System32\sechost.dll
0x00007ff8ee000000 - 0x00007ff8ee04a000 	C:\WINDOWS\System32\POWRPROF.dll
0x00007ff8edfb0000 - 0x00007ff8edfc0000 	C:\WINDOWS\System32\UMPDC.dll
0x00007ff8f0530000 - 0x00007ff8f059f000 	C:\WINDOWS\System32\WS2_32.dll
0x00007ff8ea300000 - 0x00007ff8ea324000 	C:\WINDOWS\SYSTEM32\WINMM.dll
0x00007ff8e2290000 - 0x00007ff8e229a000 	C:\WINDOWS\SYSTEM32\VERSION.dll
0x00007ff8ea2d0000 - 0x00007ff8ea2fd000 	C:\WINDOWS\SYSTEM32\WINMMBASE.dll
0x00007ff8ef0d0000 - 0x00007ff8ef11a000 	C:\WINDOWS\System32\cfgmgr32.dll
0x00007ff8edfe0000 - 0x00007ff8edff1000 	C:\WINDOWS\System32\kernel.appcore.dll
0x00007ff8e65a0000 - 0x00007ff8e65aa000 	C:\Users\user\.jdks\openjdk-22.0.2\bin\jimage.dll
0x00007ff8e6cc0000 - 0x00007ff8e6eb4000 	C:\WINDOWS\SYSTEM32\DBGHELP.DLL
0x00007ff8de3e0000 - 0x00007ff8de40a000 	C:\WINDOWS\SYSTEM32\dbgcore.DLL
0x00007ff8e64c0000 - 0x00007ff8e64cf000 	C:\Users\user\.jdks\openjdk-22.0.2\bin\instrument.dll
0x00007ff8e5fa0000 - 0x00007ff8e5fbe000 	C:\Users\user\.jdks\openjdk-22.0.2\bin\java.dll
0x00007ff8efe40000 - 0x00007ff8f0527000 	C:\WINDOWS\System32\SHELL32.dll
0x00007ff8efa20000 - 0x00007ff8efac8000 	C:\WINDOWS\System32\shcore.dll
0x00007ff8ee6a0000 - 0x00007ff8eee1b000 	C:\WINDOWS\System32\windows.storage.dll
0x00007ff8ee050000 - 0x00007ff8ee06e000 	C:\WINDOWS\System32\profapi.dll
0x00007ff8ef4b0000 - 0x00007ff8ef502000 	C:\WINDOWS\System32\shlwapi.dll
0x00007ff8ee350000 - 0x00007ff8ee367000 	C:\WINDOWS\System32\cryptsp.dll
0x00007ff8efce0000 - 0x00007ff8efe37000 	C:\WINDOWS\System32\ole32.dll
0x00007ff8d5dd0000 - 0x00007ff8d5ea7000 	C:\Users\user\.jdks\openjdk-22.0.2\bin\jsvml.dll
0x00007ff8e6350000 - 0x00007ff8e6367000 	C:\Users\user\.jdks\openjdk-22.0.2\bin\zip.dll
0x00007ff8e64d0000 - 0x00007ff8e64e0000 	C:\Users\user\.jdks\openjdk-22.0.2\bin\net.dll
0x00007ff8ed7f0000 - 0x00007ff8ed857000 	C:\WINDOWS\system32\mswsock.dll
0x00007ff8e6460000 - 0x00007ff8e6476000 	C:\Users\user\.jdks\openjdk-22.0.2\bin\nio.dll
0x00007ff8e5970000 - 0x00007ff8e598a000 	F:\Jetbrain\IntelliJ IDEA 2023.3.4\bin\breakgen64.dll
0x00007ff8e60c0000 - 0x00007ff8e60c9000 	C:\Users\user\.jdks\openjdk-22.0.2\bin\extnet.dll
0x00007ff8e5f70000 - 0x00007ff8e5f7b000 	C:\Users\user\.jdks\openjdk-22.0.2\bin\le.dll
0x00007ff8e5b10000 - 0x00007ff8e5b1e000 	C:\Users\user\.jdks\openjdk-22.0.2\bin\sunmscapi.dll
0x00007ff8ee3a0000 - 0x00007ff8ee4f1000 	C:\WINDOWS\System32\CRYPT32.dll
0x00007ff8edfc0000 - 0x00007ff8edfd2000 	C:\WINDOWS\System32\MSASN1.dll
0x00007ff8edad0000 - 0x00007ff8edaf6000 	C:\WINDOWS\SYSTEM32\ncrypt.dll
0x00007ff8ee320000 - 0x00007ff8ee346000 	C:\WINDOWS\System32\bcrypt.dll
0x00007ff8eda90000 - 0x00007ff8edacb000 	C:\WINDOWS\SYSTEM32\NTASN1.dll
0x00007ff8ed370000 - 0x00007ff8ed3a3000 	C:\WINDOWS\system32\rsaenh.dll
0x00007ff8eded0000 - 0x00007ff8edef5000 	C:\WINDOWS\SYSTEM32\USERENV.dll
0x00007ff8ed9c0000 - 0x00007ff8ed9cc000 	C:\WINDOWS\SYSTEM32\CRYPTBASE.dll
0x00007ff8ed500000 - 0x00007ff8ed53a000 	C:\WINDOWS\SYSTEM32\IPHLPAPI.DLL
0x00007ff8f0980000 - 0x00007ff8f0988000 	C:\WINDOWS\System32\NSI.dll
0x00007ff8dab10000 - 0x00007ff8dab20000 	C:\Users\user\.jdks\openjdk-22.0.2\bin\verify.dll
0x00007ff8ed540000 - 0x00007ff8ed60b000 	C:\WINDOWS\SYSTEM32\DNSAPI.dll
0x00007ff8e6b60000 - 0x00007ff8e6b6a000 	C:\Windows\System32\rasadhlp.dll
0x00007ff8e2870000 - 0x00007ff8e28e7000 	C:\WINDOWS\System32\fwpuclnt.dll

dbghelp: loaded successfully - version: 4.0.5 - missing functions: none
symbol engine: initialized successfully - sym options: 0x614 - pdb path: .;C:\Users\user\.jdks\openjdk-22.0.2\bin;C:\WINDOWS\SYSTEM32;C:\WINDOWS\WinSxS\amd64_microsoft.windows.common-controls_6595b64144ccf1df_6.0.18362.1556_none_9e7e372fe45e41d5;C:\Users\user\.jdks\openjdk-22.0.2\bin\server;F:\Jetbrain\IntelliJ IDEA 2023.3.4\bin

VM Arguments:
jvm_args: -ea -Didea.test.cyclic.buffer.size=1048576 -javaagent:F:\Jetbrain\IntelliJ IDEA 2023.3.4\lib\idea_rt.jar=59981:F:\Jetbrain\IntelliJ IDEA 2023.3.4\bin -Dfile.encoding=UTF-8 -Dsun.stdout.encoding=UTF-8 -Dsun.stderr.encoding=UTF-8 
java_command: com.intellij.rt.junit.JUnitStarter -ideVersion5 -junit5 za.ac.cput.service.UserServiceTest
java_class_path (initial): C:\Users\user\.m2\repository\org\junit\platform\junit-platform-launcher\1.10.1\junit-platform-launcher-1.10.1.jar;F:\Jetbrain\IntelliJ IDEA 2023.3.4\lib\idea_rt.jar;F:\Jetbrain\IntelliJ IDEA 2023.3.4\plugins\junit\lib\junit5-rt.jar;F:\Jetbrain\IntelliJ IDEA 2023.3.4\plugins\junit\lib\junit-rt.jar;C:\Users\user\Downloads\V P I\Group19-Capstone-Project\target\test-classes;C:\Users\user\Downloads\V P I\Group19-Capstone-Project\target\classes;C:\Users\user\.m2\repository\org\springframework\boot\spring-boot-starter-data-jpa\3.2.0\spring-boot-starter-data-jpa-3.2.0.jar;C:\Users\user\.m2\repository\org\springframework\boot\spring-boot-starter-aop\3.2.0\spring-boot-starter-aop-3.2.0.jar;C:\Users\user\.m2\repository\org\springframework\spring-aop\6.1.1\spring-aop-6.1.1.jar;C:\Users\user\.m2\repository\org\aspectj\aspectjweaver\1.9.20.1\aspectjweaver-1.9.20.1.jar;C:\Users\user\.m2\repository\org\springframework\boot\spring-boot-starter-jdbc\3.2.0\spring-boot-starter-jdbc-3.2.0.jar;C:\Users\user\.m2\repository\com\zaxxer\HikariCP\5.0.1\HikariCP-5.0.1.jar;C:\Users\user\.m2\repository\org\springframework\spring-jdbc\6.1.1\spring-jdbc-6.1.1.jar;C:\Users\user\.m2\repository\org\hibernate\orm\hibernate-core\6.3.1.Final\hibernate-core-6.3.1.Final.jar;C:\Users\user\.m2\repository\jakarta\persistence\jakarta.persistence-api\3.1.0\jakarta.persistence-api-3.1.0.jar;C:\Users\user\.m2\repository\jakarta\transaction\jakarta.transaction-api\2.0.1\jakarta.transaction-api-2.0.1.jar;C:\Users\user\.m2\repository\org\jboss\logging\jboss-logging\3.5.3.Final\jboss-logging-3.5.3.Final.jar;C:\Users\user\.m2\repository\org\hibernate\common\hibernate-commons-annotations\6.0.6.Final\hibernate-commons-annotations-6.0.6.Final.jar;C:\Users\user\.m2\repository\io\smallrye\jandex\3.1.2\jandex-3.1.2.jar;C:\Users\user\.m2\repository\com\fasterxml\classmate\1.6.0\classmate-1.6.0.jar;C:\Users\user\.m2\repository\org\glassfish\jaxb\jaxb-runtime\4.0.4\jaxb-runtime-4.0.4.jar;C:\Users\user\.m2\repository\org\glassfish\jaxb\jaxb-core\4.0.4\jaxb-core-4.0.4.jar;C:\Users\user\.m2\repository\org\eclipse\angus\angus-activation\2.0.1\angus-activation-2.0.1.jar;C:\Users\user\.m2\repository\org\glassfish\jaxb\txw2\4.0.4\txw2-4.0.4.jar;C:\Users\user\.m2\repository\com\sun\istack\istack-commons-runtime\4.1.2\istack-commons-runtime-4.1.2.jar;C:\Users\user\.m2\repository\jakarta\inject\jakarta.inject-api\2.0.1\jakarta.inject-api-2.0.1.jar;C:\Users\user\.m2\repository\org\antlr\antlr4-runtime\4.10.1\antlr4-runtime-4.10.1.jar;C:\Users\user\.m2\repository\org\springframework\data\spring-data-jpa\3.2.0\spring-data-jpa-3.2.0.jar;C:\Users\user\.m2\repository\org\springframework\data\spring-data-commons\3.2.0\spring-data-commons-3.2.0.jar;C:\Users\user\.m2\repository\org\springframework\spring-orm\6.1.1\spring-orm-6.1.1.jar;C:\Users\user\.m2\repository\org\springframework\spring-context\6.1.1\spring-context-6.1.1.jar;C:\Users\user\.m2\repository\org\springframework\spring-tx\6.1.1\spring-tx-6.1.1.jar;C:\Users\user\.m2\repository\org\springframework\spring-beans\6.1.1\spring-beans-6.1.1.jar;C:\Users\user\.m2\repository\jakarta\annotation\jakarta.annotation-api\2.1.1\jakarta.annotation-api-2.1.1.jar;C:\Users\user\.m2\repository\org\slf4j\slf4j-api\2.0.9\slf4j-api-2.0.9.jar;C:\Users\user\.m2\repository\org\springframework\spring-aspects\6.1.1\spring-aspects-6.1.1.jar;C:\Users\user\.m2\repository\org\springframework\boot\spring-boot-starter-test\3.2.0\spring-boot-starter-test-3.2.0.jar;C:\Users\user\.m2\repository\org\springframework\boot\spring-boot-starter\3.2.0\spring-boot-starter-3.2.0.jar;C:\Users\user\.m2\repository\org\springframework\boot\spring-boot\3.2.0\spring-boot-3.2.0.jar;C:\Users\user\.m2\repository\org\springframework\boot\spring-boot-autoconfigure\3.2.0\spring-boot-autoconfigure-3.2.0.jar;C:\Users\user\.m2\repository\org\springframework\boot\spring-boot-starter-logging\3.2.0\spring-boot-starter-logging-3.2.0.jar;C:\Users\user\.m2\repository\ch\qos\logback\logback-classic\1.4.11\logback-classic-1.4.11.jar;C:\Users\user\.m2\repository\ch\qos\logback\logback-core\1.4.11\logback-core-1.4.11.jar;C:\Users\user\.m2\repository\org\apache\logging\log4j\log4j-to-slf4j\2.21.1\log4j-to-slf4j-2.21.1.jar;C:\Users\user\.m2\repository\org\apache\logging\log4j\log4j-api\2.21.1\log4j-api-2.21.1.jar;C:\Users\user\.m2\repository\org\slf4j\jul-to-slf4j\2.0.9\jul-to-slf4j-2.0.9.jar;C:\Users\user\.m2\repository\org\yaml\snakeyaml\2.2\snakeyaml-2.2.jar;C:\Users\user\.m2\repository\org\springframework\boot\spring-boot-test\3.2.0\spring-boot-test-3.2.0.jar;C:\Users\user\.m2\repository\org\springframework\boot\spring-boot-test-autoconfigure\3.2.0\spring-boot-test-autoconfigure-3.2.0.jar;C:\Users\user\.m2\repository\com\jayway\jsonpath\json-path\2.8.0\json-path-2.8.0.jar;C:\Users\user\.m2\repository\jakarta\xml\bind\jakarta.xml.bind-api\4.0.1\jakarta.xml.bind-api-4.0.1.jar;C:\Users\user\.m2\repository\jakarta\activation\jakarta.activation-api\2.1.2\jakarta.activation-api-2.1.2.jar;C:\Users\user\.m2\repository\net\minidev\json-smart\2.5.0\json-smart-2.5.0.jar;C:\Users\user\.m2\repository\net\minidev\accessors-smart\2.5.0\accessors-smart-2.5.0.jar;C:\Users\user\.m2\repository\org\ow2\asm\asm\9.3\asm-9.3.jar;C:\Users\user\.m2\repository\org\assertj\assertj-core\3.24.2\assertj-core-3.24.2.jar;C:\Users\user\.m2\repository\org\awaitility\awaitility\4.2.0\awaitility-4.2.0.jar;C:\Users\user\.m2\repository\org\hamcrest\hamcrest\2.2\hamcrest-2.2.jar;C:\Users\user\.m2\repository\org\junit\jupiter\junit-jupiter\5.10.1\junit-jupiter-5.10.1.jar;C:\Users\user\.m2\repository\org\junit\jupiter\junit-jupiter-api\5.10.1\junit-jupiter-api-5.10.1.jar;C:\Users\user\.m2\repository\org\opentest4j\opentest4j\1.3.0\opentest4j-1.3.0.jar;C:\Users\user\.m2\repository\org\junit\platform\junit-platform-commons\1.10.1\junit-platform-commons-1.10.1.jar;C:\Users\user\.m2\repository\org\apiguardian\apiguardian-api\1.1.2\apiguardian-api-1.1.2.jar;C:\Users\user\.m2\repository\org\junit\jupiter\junit-jupiter-params\5.10.1\junit-jupiter-params-5.10.1.jar;C:\Users\user\.m2\repository\org\junit\jupiter\junit-jupiter-engine\5.10.1\junit-jupiter-engine-5.10.1.jar;C:\Users\user\.m2\repository\org\junit\platform\junit-platform-engine\1.10.1\junit-platform-engine-1.10.1.jar;C:\Users\user\.m2\repository\org\mockito\mockito-junit-jupiter\5.7.0\mockito-junit-jupiter-5.7.0.jar;C:\Users\user\.m2\repository\org\skyscreamer\jsonassert\1.5.1\jsonassert-1.5.1.jar;C:\Users\user\.m2\repository\com\vaadin\external\google\android-json\0.0.20131108.vaadin1\android-json-0.0.20131108.vaadin1.jar;C:\Users\user\.m2\repository\org\springframework\spring-core\6.1.1\spring-core-6.1.1.jar;C:\Users\user\.m2\repository\org\springframework\spring-jcl\6.1.1\spring-jcl-6.1.1.jar;C:\Users\user\.m2\repository\org\springframework\spring-test\6.1.1\spring-test-6.1.1.jar;C:\Users\user\.m2\repository\org\xmlunit\xmlunit-core\2.9.1\xmlunit-core-2.9.1.jar;C:\Users\user\.m2\repository\com\mysql\mysql-connector-j\8.0.33\mysql-connector-j-8.0.33.jar;C:\Users\user\.m2\repository\org\springframework\boot\spring-boot-starter-web\3.2.0\spring-boot-starter-web-3.2.0.jar;C:\Users\user\.m2\repository\org\springframework\boot\spring-boot-starter-json\3.2.0\spring-boot-starter-json-3.2.0.jar;C:\Users\user\.m2\repository\com\fasterxml\jackson\core\jackson-databind\2.15.3\jackson-databind-2.15.3.jar;C:\Users\user\.m2\repository\com\fasterxml\jackson\core\jackson-annotations\2.15.3\jackson-annotations-2.15.3.jar;C:\Users\user\.m2\repository\com\fasterxml\jackson\core\jackson-core\2.15.3\jackson-core-2.15.3.jar;C:\Users\user\.m2\repository\com\fasterxml\jackson\datatype\jackson-datatype-jdk8\2.15.3\jackson-datatype-jdk8-2.15.3.jar;C:\Users\user\.m2\repository\com\fasterxml\jackson\datatype\jackson-datatype-jsr310\2.15.3\jackson-datatype-jsr310-2.15.3.jar;C:\Users\user\.m2\repository\com\fasterxml\jackson\module\jackson-module-parameter-names\2.15.3\jackson-module-parameter-names-2.15.3.jar;C:\Users\user\.m2\repository\org\springframework\boot\spring-boot-starter-tomcat\3.2.0\spring-boot-starter-tomcat-3.2.0.jar;C:\Users\user\.m2\repository\org\apache\tomcat\embed\tomcat-embed-core\10.1.16\tomcat-embed-core-10.1.16.jar;C:\Users\user\.m2\repository\org\apache\tomcat\embed\tomcat-embed-el\10.1.16\tomcat-embed-el-10.1.16.jar;C:\Users\user\.m2\repository\org\apache\tomcat\embed\tomcat-embed-websocket\10.1.16\tomcat-embed-websocket-10.1.16.jar;C:\Users\user\.m2\repository\org\springframework\spring-web\6.1.1\spring-web-6.1.1.jar;C:\Users\user\.m2\repository\io\micrometer\micrometer-observation\1.12.0\micrometer-observation-1.12.0.jar;C:\Users\user\.m2\repository\io\micrometer\micrometer-commons\1.12.0\micrometer-commons-1.12.0.jar;C:\Users\user\.m2\repository\org\springframework\spring-webmvc\6.1.1\spring-webmvc-6.1.1.jar;C:\Users\user\.m2\repository\org\springframework\spring-expression\6.1.1\spring-expression-6.1.1.jar;C:\Users\user\.m2\repository\org\mockito\mockito-core\4.0.0\mockito-core-4.0.0.jar;C:\Users\user\.m2\repository\org\objenesis\objenesis\3.2\objenesis-3.2.jar;C:\Users\user\.m2\repository\org\mockito\mockito-inline\4.0.0\mockito-inline-4.0.0.jar;C:\Users\user\.m2\repository\net\bytebuddy\byte-buddy\1.12.10\byte-buddy-1.12.10.jar;C:\Users\user\.m2\repository\net\bytebuddy\byte-buddy-agent\1.12.10\byte-buddy-agent-1.12.10.jar
Launcher Type: SUN_STANDARD

[Global flags]
     intx CICompilerCount                          = 3                                         {product} {ergonomic}
     uint ConcGCThreads                            = 1                                         {product} {ergonomic}
     uint G1ConcRefinementThreads                  = 4                                         {product} {ergonomic}
   size_t G1HeapRegionSize                         = 1048576                                   {product} {ergonomic}
   size_t InitialHeapSize                          = 130023424                                 {product} {ergonomic}
   size_t MarkStackSize                            = 4194304                                   {product} {ergonomic}
   size_t MaxHeapSize                              = 2059403264                                {product} {ergonomic}
   size_t MaxNewSize                               = 1235222528                                {product} {ergonomic}
   size_t MinHeapDeltaBytes                        = 1048576                                   {product} {ergonomic}
   size_t MinHeapSize                              = 8388608                                   {product} {ergonomic}
    uintx NonNMethodCodeHeapSize                   = 5832780                                {pd product} {ergonomic}
    uintx NonProfiledCodeHeapSize                  = 122912730                              {pd product} {ergonomic}
    uintx ProfiledCodeHeapSize                     = 122912730                              {pd product} {ergonomic}
    uintx ReservedCodeCacheSize                    = 251658240                              {pd product} {ergonomic}
     bool SegmentedCodeCache                       = true                                      {product} {ergonomic}
   size_t SoftMaxHeapSize                          = 2059403264                             {manageable} {ergonomic}
     bool UseCompressedOops                        = true                           {product lp64_product} {ergonomic}
     bool UseG1GC                                  = true                                      {product} {ergonomic}
     bool UseLargePagesIndividualAllocation        = false                                  {pd product} {ergonomic}

Logging:
Log output configuration:
 #0: stdout all=warning uptime,level,tags foldmultilines=false
 #1: stderr all=off uptime,level,tags foldmultilines=false

Environment Variables:
PATH=C:\Program Files\Common Files\Oracle\Java\javapath;C:\WINDOWS\system32;C:\WINDOWS;C:\WINDOWS\System32\Wbem;C:\WINDOWS\System32\WindowsPowerShell\v1.0\;C:\WINDOWS\System32\OpenSSH\;C:\Program Files\Microsoft SQL Server\130\Tools\Binn\;C:\Program Files\Microsoft SQL Server\Client SDK\ODBC\170\Tools\Binn\;C:\Program Files (x86)\dotnet\;C:\Program Files\dotnet\;C:\Program Files\Git\cmd;C:\Users\user\AppData\Local\Microsoft\WindowsApps;C:\Users\user\.dotnet\tools;C:\Users\user\AppData\Local\Programs\Microsoft VS Code\bin;C:\Users\user\AppData\Local\GitHubDesktop\bin
USERNAME=user
OS=Windows_NT
PROCESSOR_IDENTIFIER=Intel64 Family 6 Model 69 Stepping 1, GenuineIntel
TMP=C:\Users\user\AppData\Local\Temp
TEMP=C:\Users\user\AppData\Local\Temp




Periodic native trim disabled

---------------  S Y S T E M  ---------------

OS:
 Windows 10 , 64 bit Build 18362 (10.0.18362.1500)
OS uptime: 1 days 4:35 hours

CPU: total 4 (initial active 4) (2 cores per cpu, 2 threads per core) family 6 model 69 stepping 1 microcode 0x26, cx8, cmov, fxsr, ht, mmx, sse, sse2, sse3, ssse3, sse4.1, sse4.2, popcnt, lzcnt, tsc, tscinvbit, avx, avx2, aes, erms, clmul, bmi1, bmi2, fma, vzeroupper, clflush, rdtscp, f16c
Processor Information for all 4 processors :
  Max Mhz: 1701, Current Mhz: 1701, Mhz Limit: 1701

Memory: 4k page, system-wide physical 7849M (1076M free)
TotalPageFile size 10571M (AvailPageFile size 7M)
current process WorkingSet (physical memory assigned to process): 208M, peak: 208M
current process commit charge ("private bytes"): 237M, peak: 248M

vm_info: OpenJDK 64-Bit Server VM (22.0.2+9-70) for windows-amd64 JRE (22.0.2+9-70), built on 2024-06-04T16:52:23Z by "mach5one" with MS VC++ 17.6 (VS2022)

END.
